This is pdfTeX, Version 3.1415926-2.5-1.40.14 (TeX Live 2013) (format=pdflatex 2013.5.30)  21 AUG 2014 20:08
entering extended mode
 restricted \write18 enabled.
 %&-line parsing enabled.
**Bericht.tex
(./Bericht.tex
LaTeX2e <2011/06/27>
Babel <3.9f> and hyphenation patterns for 78 languages loaded.
(./Bericht_Praeambel.tex
(/usr/local/texlive/2013/texmf-dist/tex/latex/koma-script/scrartcl.cls
Document Class: scrartcl 2012/07/29 v3.11b KOMA-Script document class (article)

(/usr/local/texlive/2013/texmf-dist/tex/latex/koma-script/scrkbase.sty
Package: scrkbase 2012/07/29 v3.11b KOMA-Script package (KOMA-Script-dependent 
basics and keyval usage)

(/usr/local/texlive/2013/texmf-dist/tex/latex/koma-script/scrbase.sty
Package: scrbase 2012/07/29 v3.11b KOMA-Script package (KOMA-Script-independent
 basics and keyval usage)

(/usr/local/texlive/2013/texmf-dist/tex/latex/graphics/keyval.sty
Package: keyval 1999/03/16 v1.13 key=value parser (DPC)
\KV@toks@=\toks14
)
(/usr/local/texlive/2013/texmf-dist/tex/latex/koma-script/scrlfile.sty
Package: scrlfile 2012/06/15 v3.12 KOMA-Script package (loading files)

Package scrlfile, 2012/06/15 v3.12 KOMA-Script package (loading files)
                  Copyright (C) Markus Kohm

))) (/usr/local/texlive/2013/texmf-dist/tex/latex/koma-script/tocbasic.sty
Package: tocbasic 2012/04/04 v3.10b KOMA-Script package (handling toc-files)
)
Package tocbasic Info: omitting babel extension for `toc'
(tocbasic)             because of feature `nobabel' available
(tocbasic)             for `toc' on input line 115.
Package tocbasic Info: omitting babel extension for `lof'
(tocbasic)             because of feature `nobabel' available
(tocbasic)             for `lof' on input line 116.
Package tocbasic Info: omitting babel extension for `lot'
(tocbasic)             because of feature `nobabel' available
(tocbasic)             for `lot' on input line 117.
Package scrartcl Info: You've used obsolete option `12pt'.
(scrartcl)             \KOMAExecuteOptions{fontsize=12pt} will be
(scrartcl)             used instead.
(scrartcl)             You may simply replace `12pt'
(scrartcl)             by `fontsize=12pt'.
Class scrartcl Info: File `scrsize12pt.clo' used to setup font sizes on input l
ine 1267.

(/usr/local/texlive/2013/texmf-dist/tex/latex/koma-script/scrsize12pt.clo
File: scrsize12pt.clo 2012/07/29 v3.11b KOMA-Script font size class option (12p
t)
)
(/usr/local/texlive/2013/texmf-dist/tex/latex/koma-script/typearea.sty
Package: typearea 2012/07/29 v3.11b KOMA-Script package (type area)

Package typearea, 2012/07/29 v3.11b KOMA-Script package (type area)
                  Copyright (C) Frank Neukam, 1992-1994
                  Copyright (C) Markus Kohm, 1994-

\ta@bcor=\skip41
\ta@div=\count79
Package typearea Info: You've used standard option `a4paper'.
(typearea)             This is correct!
(typearea)             Internally I'm using `paper=a4'.
(typearea)             If you'd like to set the option with \KOMAoptions,
(typearea)             you'd have to use `paper=a4' there
(typearea)             instead of `a4paper', too.
\ta@hblk=\skip42
\ta@vblk=\skip43
\ta@temp=\skip44
Package typearea Info: These are the values describing the layout:
(typearea)             DIV  = 12
(typearea)             BCOR = 0.0pt
(typearea)             \paperwidth      = 597.50793pt
(typearea)              \textwidth      = 448.13095pt
(typearea)              DIV departure   = -6%
(typearea)              \evensidemargin = 2.4185pt
(typearea)              \oddsidemargin  = 2.4185pt
(typearea)             \paperheight     = 845.04694pt
(typearea)              \textheight     = 635.5pt
(typearea)              \topmargin      = -41.72441pt
(typearea)              \headheight     = 18.125pt
(typearea)              \headsep        = 21.75pt
(typearea)              \topskip        = 12.0pt
(typearea)              \footskip       = 50.75pt
(typearea)              \baselineskip   = 14.5pt
(typearea)              on input line 1213.
)
\c@part=\count80
\c@section=\count81
\c@subsection=\count82
\c@subsubsection=\count83
\c@paragraph=\count84
\c@subparagraph=\count85
\abovecaptionskip=\skip45
\belowcaptionskip=\skip46
\c@pti@nb@sid@b@x=\box26
\c@figure=\count86
\c@table=\count87
\bibindent=\dimen102
) (/usr/local/texlive/2013/texmf-dist/tex/generic/babel/babel.sty
Package: babel 2013/05/16 v3.9f The Babel package

(/usr/local/texlive/2013/texmf-dist/tex/generic/babel-german/ngermanb.ldf
Language: ngermanb 2008/07/06 v2.6n new German support from the babel system

(/usr/local/texlive/2013/texmf-dist/tex/generic/babel/babel.def
File: babel.def 2013/05/16 v3.9f Babel common definitions
\babel@savecnt=\count88
\U@D=\dimen103
)
\l@naustrian = a dialect from \language\l@ngerman 
Package babel Info: Making " an active character on input line 92.
))
(/usr/local/texlive/2013/texmf-dist/tex/latex/base/inputenc.sty
Package: inputenc 2008/03/30 v1.1d Input encoding file
\inpenc@prehook=\toks15
\inpenc@posthook=\toks16

(/usr/local/texlive/2013/texmf-dist/tex/latex/base/utf8.def
File: utf8.def 2008/04/05 v1.1m UTF-8 support for inputenc
Now handling font encoding OML ...
... no UTF-8 mapping file for font encoding OML
Now handling font encoding T1 ...
... processing UTF-8 mapping file for font encoding T1

(/usr/local/texlive/2013/texmf-dist/tex/latex/base/t1enc.dfu
File: t1enc.dfu 2008/04/05 v1.1m UTF-8 support for inputenc
   defining Unicode char U+00A1 (decimal 161)
   defining Unicode char U+00A3 (decimal 163)
   defining Unicode char U+00AB (decimal 171)
   defining Unicode char U+00BB (decimal 187)
   defining Unicode char U+00BF (decimal 191)
   defining Unicode char U+00C0 (decimal 192)
   defining Unicode char U+00C1 (decimal 193)
   defining Unicode char U+00C2 (decimal 194)
   defining Unicode char U+00C3 (decimal 195)
   defining Unicode char U+00C4 (decimal 196)
   defining Unicode char U+00C5 (decimal 197)
   defining Unicode char U+00C6 (decimal 198)
   defining Unicode char U+00C7 (decimal 199)
   defining Unicode char U+00C8 (decimal 200)
   defining Unicode char U+00C9 (decimal 201)
   defining Unicode char U+00CA (decimal 202)
   defining Unicode char U+00CB (decimal 203)
   defining Unicode char U+00CC (decimal 204)
   defining Unicode char U+00CD (decimal 205)
   defining Unicode char U+00CE (decimal 206)
   defining Unicode char U+00CF (decimal 207)
   defining Unicode char U+00D0 (decimal 208)
   defining Unicode char U+00D1 (decimal 209)
   defining Unicode char U+00D2 (decimal 210)
   defining Unicode char U+00D3 (decimal 211)
   defining Unicode char U+00D4 (decimal 212)
   defining Unicode char U+00D5 (decimal 213)
   defining Unicode char U+00D6 (decimal 214)
   defining Unicode char U+00D8 (decimal 216)
   defining Unicode char U+00D9 (decimal 217)
   defining Unicode char U+00DA (decimal 218)
   defining Unicode char U+00DB (decimal 219)
   defining Unicode char U+00DC (decimal 220)
   defining Unicode char U+00DD (decimal 221)
   defining Unicode char U+00DE (decimal 222)
   defining Unicode char U+00DF (decimal 223)
   defining Unicode char U+00E0 (decimal 224)
   defining Unicode char U+00E1 (decimal 225)
   defining Unicode char U+00E2 (decimal 226)
   defining Unicode char U+00E3 (decimal 227)
   defining Unicode char U+00E4 (decimal 228)
   defining Unicode char U+00E5 (decimal 229)
   defining Unicode char U+00E6 (decimal 230)
   defining Unicode char U+00E7 (decimal 231)
   defining Unicode char U+00E8 (decimal 232)
   defining Unicode char U+00E9 (decimal 233)
   defining Unicode char U+00EA (decimal 234)
   defining Unicode char U+00EB (decimal 235)
   defining Unicode char U+00EC (decimal 236)
   defining Unicode char U+00ED (decimal 237)
   defining Unicode char U+00EE (decimal 238)
   defining Unicode char U+00EF (decimal 239)
   defining Unicode char U+00F0 (decimal 240)
   defining Unicode char U+00F1 (decimal 241)
   defining Unicode char U+00F2 (decimal 242)
   defining Unicode char U+00F3 (decimal 243)
   defining Unicode char U+00F4 (decimal 244)
   defining Unicode char U+00F5 (decimal 245)
   defining Unicode char U+00F6 (decimal 246)
   defining Unicode char U+00F8 (decimal 248)
   defining Unicode char U+00F9 (decimal 249)
   defining Unicode char U+00FA (decimal 250)
   defining Unicode char U+00FB (decimal 251)
   defining Unicode char U+00FC (decimal 252)
   defining Unicode char U+00FD (decimal 253)
   defining Unicode char U+00FE (decimal 254)
   defining Unicode char U+00FF (decimal 255)
   defining Unicode char U+0102 (decimal 258)
   defining Unicode char U+0103 (decimal 259)
   defining Unicode char U+0104 (decimal 260)
   defining Unicode char U+0105 (decimal 261)
   defining Unicode char U+0106 (decimal 262)
   defining Unicode char U+0107 (decimal 263)
   defining Unicode char U+010C (decimal 268)
   defining Unicode char U+010D (decimal 269)
   defining Unicode char U+010E (decimal 270)
   defining Unicode char U+010F (decimal 271)
   defining Unicode char U+0110 (decimal 272)
   defining Unicode char U+0111 (decimal 273)
   defining Unicode char U+0118 (decimal 280)
   defining Unicode char U+0119 (decimal 281)
   defining Unicode char U+011A (decimal 282)
   defining Unicode char U+011B (decimal 283)
   defining Unicode char U+011E (decimal 286)
   defining Unicode char U+011F (decimal 287)
   defining Unicode char U+0130 (decimal 304)
   defining Unicode char U+0131 (decimal 305)
   defining Unicode char U+0132 (decimal 306)
   defining Unicode char U+0133 (decimal 307)
   defining Unicode char U+0139 (decimal 313)
   defining Unicode char U+013A (decimal 314)
   defining Unicode char U+013D (decimal 317)
   defining Unicode char U+013E (decimal 318)
   defining Unicode char U+0141 (decimal 321)
   defining Unicode char U+0142 (decimal 322)
   defining Unicode char U+0143 (decimal 323)
   defining Unicode char U+0144 (decimal 324)
   defining Unicode char U+0147 (decimal 327)
   defining Unicode char U+0148 (decimal 328)
   defining Unicode char U+014A (decimal 330)
   defining Unicode char U+014B (decimal 331)
   defining Unicode char U+0150 (decimal 336)
   defining Unicode char U+0151 (decimal 337)
   defining Unicode char U+0152 (decimal 338)
   defining Unicode char U+0153 (decimal 339)
   defining Unicode char U+0154 (decimal 340)
   defining Unicode char U+0155 (decimal 341)
   defining Unicode char U+0158 (decimal 344)
   defining Unicode char U+0159 (decimal 345)
   defining Unicode char U+015A (decimal 346)
   defining Unicode char U+015B (decimal 347)
   defining Unicode char U+015E (decimal 350)
   defining Unicode char U+015F (decimal 351)
   defining Unicode char U+0160 (decimal 352)
   defining Unicode char U+0161 (decimal 353)
   defining Unicode char U+0162 (decimal 354)
   defining Unicode char U+0163 (decimal 355)
   defining Unicode char U+0164 (decimal 356)
   defining Unicode char U+0165 (decimal 357)
   defining Unicode char U+016E (decimal 366)
   defining Unicode char U+016F (decimal 367)
   defining Unicode char U+0170 (decimal 368)
   defining Unicode char U+0171 (decimal 369)
   defining Unicode char U+0178 (decimal 376)
   defining Unicode char U+0179 (decimal 377)
   defining Unicode char U+017A (decimal 378)
   defining Unicode char U+017B (decimal 379)
   defining Unicode char U+017C (decimal 380)
   defining Unicode char U+017D (decimal 381)
   defining Unicode char U+017E (decimal 382)
   defining Unicode char U+200C (decimal 8204)
   defining Unicode char U+2013 (decimal 8211)
   defining Unicode char U+2014 (decimal 8212)
   defining Unicode char U+2018 (decimal 8216)
   defining Unicode char U+2019 (decimal 8217)
   defining Unicode char U+201A (decimal 8218)
   defining Unicode char U+201C (decimal 8220)
   defining Unicode char U+201D (decimal 8221)
   defining Unicode char U+201E (decimal 8222)
   defining Unicode char U+2030 (decimal 8240)
   defining Unicode char U+2031 (decimal 8241)
   defining Unicode char U+2039 (decimal 8249)
   defining Unicode char U+203A (decimal 8250)
   defining Unicode char U+2423 (decimal 9251)
)
Now handling font encoding OT1 ...
... processing UTF-8 mapping file for font encoding OT1

(/usr/local/texlive/2013/texmf-dist/tex/latex/base/ot1enc.dfu
File: ot1enc.dfu 2008/04/05 v1.1m UTF-8 support for inputenc
   defining Unicode char U+00A1 (decimal 161)
   defining Unicode char U+00A3 (decimal 163)
   defining Unicode char U+00B8 (decimal 184)
   defining Unicode char U+00BF (decimal 191)
   defining Unicode char U+00C5 (decimal 197)
   defining Unicode char U+00C6 (decimal 198)
   defining Unicode char U+00D8 (decimal 216)
   defining Unicode char U+00DF (decimal 223)
   defining Unicode char U+00E6 (decimal 230)
   defining Unicode char U+00EC (decimal 236)
   defining Unicode char U+00ED (decimal 237)
   defining Unicode char U+00EE (decimal 238)
   defining Unicode char U+00EF (decimal 239)
   defining Unicode char U+00F8 (decimal 248)
   defining Unicode char U+0131 (decimal 305)
   defining Unicode char U+0141 (decimal 321)
   defining Unicode char U+0142 (decimal 322)
   defining Unicode char U+0152 (decimal 338)
   defining Unicode char U+0153 (decimal 339)
   defining Unicode char U+2013 (decimal 8211)
   defining Unicode char U+2014 (decimal 8212)
   defining Unicode char U+2018 (decimal 8216)
   defining Unicode char U+2019 (decimal 8217)
   defining Unicode char U+201C (decimal 8220)
   defining Unicode char U+201D (decimal 8221)
)
Now handling font encoding OMS ...
... processing UTF-8 mapping file for font encoding OMS

(/usr/local/texlive/2013/texmf-dist/tex/latex/base/omsenc.dfu
File: omsenc.dfu 2008/04/05 v1.1m UTF-8 support for inputenc
   defining Unicode char U+00A7 (decimal 167)
   defining Unicode char U+00B6 (decimal 182)
   defining Unicode char U+00B7 (decimal 183)
   defining Unicode char U+2020 (decimal 8224)
   defining Unicode char U+2021 (decimal 8225)
   defining Unicode char U+2022 (decimal 8226)
)
Now handling font encoding OMX ...
... no UTF-8 mapping file for font encoding OMX
Now handling font encoding U ...
... no UTF-8 mapping file for font encoding U
   defining Unicode char U+00A9 (decimal 169)
   defining Unicode char U+00AA (decimal 170)
   defining Unicode char U+00AE (decimal 174)
   defining Unicode char U+00BA (decimal 186)
   defining Unicode char U+02C6 (decimal 710)
   defining Unicode char U+02DC (decimal 732)
   defining Unicode char U+200C (decimal 8204)
   defining Unicode char U+2026 (decimal 8230)
   defining Unicode char U+2122 (decimal 8482)
   defining Unicode char U+2423 (decimal 9251)
))
(/usr/local/texlive/2013/texmf-dist/tex/latex/base/fontenc.sty
Package: fontenc 2005/09/27 v1.99g Standard LaTeX package

(/usr/local/texlive/2013/texmf-dist/tex/latex/base/t1enc.def
File: t1enc.def 2005/09/27 v1.99g Standard LaTeX file
LaTeX Font Info:    Redeclaring font encoding T1 on input line 43.
))
(/usr/local/texlive/2013/texmf-dist/tex/latex/biblatex/biblatex.sty
Package: biblatex 2013/05/01 v2.6 programmable bibliographies (PK/JW/AB)

(/usr/local/texlive/2013/texmf-dist/tex/latex/biblatex/biblatex2.sty
Package: biblatex2 2013/05/01 v2.6 programmable bibliographies (biber) (PK/JW/A
B)

(/usr/local/texlive/2013/texmf-dist/tex/latex/etoolbox/etoolbox.sty
Package: etoolbox 2011/01/03 v2.1 e-TeX tools for LaTeX

(/usr/local/texlive/2013/texmf-dist/tex/latex/etex-pkg/etex.sty
Package: etex 1998/03/26 v2.0 eTeX basic definition package (PEB)
\et@xins=\count89
)
\etb@tempcnta=\count90
)
(/usr/local/texlive/2013/texmf-dist/tex/latex/oberdiek/kvoptions.sty
Package: kvoptions 2011/06/30 v3.11 Key value format for package options (HO)

(/usr/local/texlive/2013/texmf-dist/tex/generic/oberdiek/ltxcmds.sty
Package: ltxcmds 2011/11/09 v1.22 LaTeX kernel commands for general use (HO)
)
(/usr/local/texlive/2013/texmf-dist/tex/generic/oberdiek/kvsetkeys.sty
Package: kvsetkeys 2012/04/25 v1.16 Key value parser (HO)

(/usr/local/texlive/2013/texmf-dist/tex/generic/oberdiek/infwarerr.sty
Package: infwarerr 2010/04/08 v1.3 Providing info/warning/error messages (HO)
)
(/usr/local/texlive/2013/texmf-dist/tex/generic/oberdiek/etexcmds.sty
Package: etexcmds 2011/02/16 v1.5 Avoid name clashes with e-TeX commands (HO)

(/usr/local/texlive/2013/texmf-dist/tex/generic/oberdiek/ifluatex.sty
Package: ifluatex 2010/03/01 v1.3 Provides the ifluatex switch (HO)
Package ifluatex Info: LuaTeX not detected.
)
Package etexcmds Info: Could not find \expanded.
(etexcmds)             That can mean that you are not using pdfTeX 1.50 or
(etexcmds)             that some package has redefined \expanded.
(etexcmds)             In the latter case, load this package earlier.
)))
(/usr/local/texlive/2013/texmf-dist/tex/latex/logreq/logreq.sty
Package: logreq 2010/08/04 v1.0 xml request logger
\lrq@indent=\count91

(/usr/local/texlive/2013/texmf-dist/tex/latex/logreq/logreq.def
File: logreq.def 2010/08/04 v1.0 logreq spec v1.0
))
(/usr/local/texlive/2013/texmf-dist/tex/latex/base/ifthen.sty
Package: ifthen 2001/05/26 v1.1c Standard LaTeX ifthen package (DPC)
)
(/usr/local/texlive/2013/texmf-dist/tex/latex/url/url.sty
\Urlmuskip=\muskip10
Package: url 2006/04/12  ver 3.3  Verb mode for urls, etc.
)
\c@tabx@nest=\count92
\c@listtotal=\count93
\c@listcount=\count94
\c@liststart=\count95
\c@liststop=\count96
\c@citecount=\count97
\c@citetotal=\count98
\c@multicitecount=\count99
\c@multicitetotal=\count100
\c@instcount=\count101
\c@maxnames=\count102
\c@minnames=\count103
\c@maxitems=\count104
\c@minitems=\count105
\c@citecounter=\count106
\c@savedcitecounter=\count107
\c@uniquelist=\count108
\c@uniquename=\count109
\c@refsection=\count110
\c@refsegment=\count111
\c@maxextratitle=\count112
\c@maxextratitleyear=\count113
\c@maxextrayear=\count114
\c@maxextraalpha=\count115
\c@abbrvpenalty=\count116
\c@highnamepenalty=\count117
\c@lownamepenalty=\count118
\c@maxparens=\count119
\c@parenlevel=\count120
\blx@tempcnta=\count121
\blx@tempcntb=\count122
\blx@tempcntc=\count123
\blx@maxsection=\count124
\blx@maxsegment@0=\count125
\blx@notetype=\count126
\blx@parenlevel@text=\count127
\blx@parenlevel@foot=\count128
\blx@sectionciteorder@0=\count129
\labelnumberwidth=\skip47
\labelalphawidth=\skip48
\shorthandwidth=\skip49
\biblabelsep=\skip50
\bibitemsep=\skip51
\bibnamesep=\skip52
\bibinitsep=\skip53
\bibparsep=\skip54
\bibhang=\skip55
\blx@bcfin=\read1
\blx@bcfout=\write3
\c@mincomprange=\count130
\c@maxcomprange=\count131
\c@mincompwidth=\count132
Package biblatex Info: Trying to load biblatex default data model...
Package biblatex Info: ... file 'blx-dm.def' found.

(/usr/local/texlive/2013/texmf-dist/tex/latex/biblatex/blx-dm.def)
Package biblatex Info: Trying to load biblatex custom data model...
Package biblatex Info: ... file 'biblatex-dm.cfg' not found.
\c@afterword=\count133
\c@savedafterword=\count134
\c@annotator=\count135
\c@savedannotator=\count136
\c@author=\count137
\c@savedauthor=\count138
\c@bookauthor=\count139
\c@savedbookauthor=\count140
\c@commentator=\count141
\c@savedcommentator=\count142
\c@editor=\count143
\c@savededitor=\count144
\c@editora=\count145
\c@savededitora=\count146
\c@editorb=\count147
\c@savededitorb=\count148
\c@editorc=\count149
\c@savededitorc=\count150
\c@foreword=\count151
\c@savedforeword=\count152
\c@holder=\count153
\c@savedholder=\count154
\c@introduction=\count155
\c@savedintroduction=\count156
\c@namea=\count157
\c@savednamea=\count158
\c@nameb=\count159
\c@savednameb=\count160
\c@namec=\count161
\c@savednamec=\count162
\c@shortauthor=\count163
\c@savedshortauthor=\count164
\c@shorteditor=\count165
\c@savedshorteditor=\count166
\c@translator=\count167
\c@savedtranslator=\count168
\c@labelname=\count169
\c@savedlabelname=\count170
\c@institution=\count171
\c@savedinstitution=\count172
\c@lista=\count173
\c@savedlista=\count174
\c@listb=\count175
\c@savedlistb=\count176
\c@listc=\count177
\c@savedlistc=\count178
\c@listd=\count179
\c@savedlistd=\count180
\c@liste=\count181
\c@savedliste=\count182
\c@listf=\count183
\c@savedlistf=\count184
\c@location=\count185
\c@savedlocation=\count186
\c@organization=\count187
\c@savedorganization=\count188
\c@origlocation=\count189
\c@savedoriglocation=\count190
\c@origpublisher=\count191
\c@savedorigpublisher=\count192
\c@publisher=\count193
\c@savedpublisher=\count194
\c@language=\count195
\c@savedlanguage=\count196
\c@pageref=\count197
\c@savedpageref=\count198
Package biblatex Info: Trying to load compatibility code...
Package biblatex Info: ... file 'blx-compat.def' found.

(/usr/local/texlive/2013/texmf-dist/tex/latex/biblatex/blx-compat.def
File: blx-compat.def 2013/05/01 v2.6 biblatex compatibility (PK/JW/AB)
)
Package biblatex Info: Trying to load generic definitions...
Package biblatex Info: ... file 'biblatex.def' found.

(/usr/local/texlive/2013/texmf-dist/tex/latex/biblatex/biblatex.def
File: biblatex.def 
\c@biburlnumpenalty=\count199
\c@biburlucpenalty=\count200
\c@biburllcpenalty=\count201
\c@smartand=\count202
)
Package biblatex Info: Trying to load bibliography style 'numeric'...
Package biblatex Info: ... file 'numeric.bbx' found.

(/usr/local/texlive/2013/texmf-dist/tex/latex/biblatex/bbx/numeric.bbx
File: numeric.bbx 2013/05/01 v2.6 biblatex bibliography style (PK/JW/AB)
Package biblatex Info: Trying to load bibliography style 'standard'...
Package biblatex Info: ... file 'standard.bbx' found.

(/usr/local/texlive/2013/texmf-dist/tex/latex/biblatex/bbx/standard.bbx
File: standard.bbx 2013/05/01 v2.6 biblatex bibliography style (PK/JW/AB)
\c@bbx:relatedcount=\count203
\c@bbx:relatedtotal=\count204
))
Package biblatex Info: Trying to load citation style 'numeric'...
Package biblatex Info: ... file 'numeric.cbx' found.

(/usr/local/texlive/2013/texmf-dist/tex/latex/biblatex/cbx/numeric.cbx
File: numeric.cbx 2013/05/01 v2.6 biblatex citation style (PK/JW/AB)
Package biblatex Info: Redefining '\cite'.
Package biblatex Info: Redefining '\parencite'.
Package biblatex Info: Redefining '\footcite'.
Package biblatex Info: Redefining '\footcitetext'.
Package biblatex Info: Redefining '\smartcite'.
Package biblatex Info: Redefining '\textcite'.
Package biblatex Info: Redefining '\supercite'.
Package biblatex Info: Redefining '\cites'.
Package biblatex Info: Redefining '\parencites'.
Package biblatex Info: Redefining '\smartcites'.
)
Package biblatex Info: Trying to load configuration file...
Package biblatex Info: ... file 'biblatex.cfg' found.

(/usr/local/texlive/2013/texmf-dist/tex/latex/biblatex/biblatex.cfg
File: biblatex.cfg 
)))
(/usr/local/texlive/2013/texmf-dist/tex/latex/csquotes/csquotes.sty
Package: csquotes 2011/10/22 v5.1d context-sensitive quotations
\csq@reset=\count205
\csq@gtype=\count206
\csq@glevel=\count207
\csq@qlevel=\count208
\csq@maxlvl=\count209
\csq@tshold=\count210
\csq@ltx@everypar=\toks17

(/usr/local/texlive/2013/texmf-dist/tex/latex/csquotes/csquotes.def
File: csquotes.def 2011/10/22 v5.1d csquotes generic definitions
)
Package csquotes Info: Trying to load configuration file 'csquotes.cfg'...
Package csquotes Info: ... configuration file loaded successfully.

(/usr/local/texlive/2013/texmf-dist/tex/latex/csquotes/csquotes.cfg
File: csquotes.cfg 
))
(/usr/local/texlive/2013/texmf-dist/tex/latex/doublestroke/dsfont.sty
Package: dsfont 1995/08/01 v0.1 Double stroke roman fonts
)
(/usr/local/texlive/2013/texmf-dist/tex/latex/amsmath/amsmath.sty
Package: amsmath 2013/01/14 v2.14 AMS math features
\@mathmargin=\skip56

For additional information on amsmath, use the `?' option.
(/usr/local/texlive/2013/texmf-dist/tex/latex/amsmath/amstext.sty
Package: amstext 2000/06/29 v2.01

(/usr/local/texlive/2013/texmf-dist/tex/latex/amsmath/amsgen.sty
File: amsgen.sty 1999/11/30 v2.0
\@emptytoks=\toks18
\ex@=\dimen104
))
(/usr/local/texlive/2013/texmf-dist/tex/latex/amsmath/amsbsy.sty
Package: amsbsy 1999/11/29 v1.2d
\pmbraise@=\dimen105
)
(/usr/local/texlive/2013/texmf-dist/tex/latex/amsmath/amsopn.sty
Package: amsopn 1999/12/14 v2.01 operator names
)
\inf@bad=\count211
LaTeX Info: Redefining \frac on input line 210.
\uproot@=\count212
\leftroot@=\count213
LaTeX Info: Redefining \overline on input line 306.
\classnum@=\count214
\DOTSCASE@=\count215
LaTeX Info: Redefining \ldots on input line 378.
LaTeX Info: Redefining \dots on input line 381.
LaTeX Info: Redefining \cdots on input line 466.
\Mathstrutbox@=\box27
\strutbox@=\box28
\big@size=\dimen106
LaTeX Font Info:    Redeclaring font encoding OML on input line 566.
LaTeX Font Info:    Redeclaring font encoding OMS on input line 567.
\macc@depth=\count216
\c@MaxMatrixCols=\count217
\dotsspace@=\muskip11
\c@parentequation=\count218
\dspbrk@lvl=\count219
\tag@help=\toks19
\row@=\count220
\column@=\count221
\maxfields@=\count222
\andhelp@=\toks20
\eqnshift@=\dimen107
\alignsep@=\dimen108
\tagshift@=\dimen109
\tagwidth@=\dimen110
\totwidth@=\dimen111
\lineht@=\dimen112
\@envbody=\toks21
\multlinegap=\skip57
\multlinetaggap=\skip58
\mathdisplay@stack=\toks22
LaTeX Info: Redefining \[ on input line 2665.
LaTeX Info: Redefining \] on input line 2666.
)
(/usr/local/texlive/2013/texmf-dist/tex/latex/amsfonts/amssymb.sty
Package: amssymb 2013/01/14 v3.01 AMS font symbols

(/usr/local/texlive/2013/texmf-dist/tex/latex/amsfonts/amsfonts.sty
Package: amsfonts 2013/01/14 v3.01 Basic AMSFonts support
\symAMSa=\mathgroup4
\symAMSb=\mathgroup5
LaTeX Font Info:    Overwriting math alphabet `\mathfrak' in version `bold'
(Font)                  U/euf/m/n --> U/euf/b/n on input line 106.
))
(/usr/local/texlive/2013/texmf-dist/tex/latex/bbm-macros/bbm.sty
Package: bbm 1999/03/15 V 1.2 provides fonts for set symbols - TH
LaTeX Font Info:    Overwriting math alphabet `\mathbbm' in version `bold'
(Font)                  U/bbm/m/n --> U/bbm/bx/n on input line 33.
LaTeX Font Info:    Overwriting math alphabet `\mathbbmss' in version `bold'
(Font)                  U/bbmss/m/n --> U/bbmss/bx/n on input line 35.
)
(/usr/local/texlive/2013/texmf-dist/tex/latex/graphics/graphics.sty
Package: graphics 2009/02/05 v1.0o Standard LaTeX Graphics (DPC,SPQR)

(/usr/local/texlive/2013/texmf-dist/tex/latex/graphics/trig.sty
Package: trig 1999/03/16 v1.09 sin cos tan (DPC)
)
(/usr/local/texlive/2013/texmf-dist/tex/latex/latexconfig/graphics.cfg
File: graphics.cfg 2010/04/23 v1.9 graphics configuration of TeX Live
)
Package graphics Info: Driver file: pdftex.def on input line 91.

(/usr/local/texlive/2013/texmf-dist/tex/latex/pdftex-def/pdftex.def
File: pdftex.def 2011/05/27 v0.06d Graphics/color for pdfTeX
\Gread@gobject=\count223
))
(/usr/local/texlive/2013/texmf-dist/tex/latex/graphics/graphicx.sty
Package: graphicx 1999/02/16 v1.0f Enhanced LaTeX Graphics (DPC,SPQR)
\Gin@req@height=\dimen113
\Gin@req@width=\dimen114
)
(/usr/local/texlive/2013/texmf-dist/tex/latex/picinpar/picinpar.sty
Pictures in Paragraphs. Version 1.2a, July 13, 1993
\br=\count224
\bl=\count225
\na=\count226
\nb=\count227
\tcdsav=\count228
\tcl=\count229
\tcd=\count230
\tcn=\count231
\cumtcl=\count232
\cumpartcl=\count233
\lftside=\dimen115
\rtside=\dimen116
\hpic=\dimen117
\vpic=\dimen118
\strutilg=\dimen119
\picwd=\dimen120
\topheight=\dimen121
\ilg=\dimen122
\lpic=\dimen123
\lwindowsep=\dimen124
\rwindowsep=\dimen125
\cumpar=\dimen126
\twa=\toks23
\la=\toks24
\ra=\toks25
\ha=\toks26
\pictoc=\toks27
\rawtext=\box29
\holder=\box30
\windowbox=\box31
\wartext=\box32
\finaltext=\box33
\aslice=\box34
\bslice=\box35
\wbox=\box36
\wstrutbox=\box37
\picbox=\box38
\waslice=\box39
\wbslice=\box40
\fslice=\box41
) (/usr/local/texlive/2013/texmf-dist/tex/latex/float/float.sty
Package: float 2001/11/08 v1.3d Float enhancements (AL)
Normal \count register pool exhausted, switching to extended pool.
\c@float@type=\count277
\float@exts=\toks28
\float@box=\box42
\@float@everytoks=\toks29
\@floatcapt=\box43
)
(/usr/local/texlive/2013/texmf-dist/tex/latex/eurosym/eurosym.sty
Package: eurosym 1998/08/06 v1.1 European currency symbol ``Euro''
\@eurobox=\box44
)
(/usr/local/texlive/2013/texmf-dist/tex/latex/algorithms/algorithmic.sty
Package: algorithmic 2009/08/24 v0.1 Document Style `algorithmic'
\c@ALC@unique=\count278
\c@ALC@line=\count279
\c@ALC@rem=\count280
\c@ALC@depth=\count281
\ALC@tlm=\skip59
\algorithmicindent=\skip60
)
(/usr/local/texlive/2013/texmf-dist/tex/latex/algorithms/algorithm.sty
Package: algorithm 2009/08/24 v0.1 Document Style `algorithm' - floating enviro
nment
\@float@every@algorithm=\toks30
\c@algorithm=\count282
)
(/usr/local/texlive/2013/texmf-dist/tex/generic/dirtree/dirtree.sty
Package: dirtree 2012/12/11 v0.32 package wrapper for dirtree

(/usr/local/texlive/2013/texmf-dist/tex/generic/dirtree/dirtree.tex
`dirtree' v0.32, 2012/12/11 (jcc)
\DT@offset=\dimen127
\DT@width=\dimen128
\DT@sep=\dimen129
\DT@all=\dimen130
\DT@rulewidth=\dimen131
\DT@dotwidth=\dimen132
\DTbaselineskip=\dimen133
\DT@counti=\count283
\DT@countii=\count284
\DT@countiii=\count285
\DT@countiv=\count286
\DT@indent=\dimen134
\DT@parskip=\dimen135
\DT@baselineskip=\dimen136
)
File: dirtree.tex 2012/12/11 v0.32 `dirtree' (jcc)
)
(/usr/local/texlive/2013/texmf-dist/tex/latex/multirow/multirow.sty
\bigstrutjot=\dimen137
))
Package biblatex Info: Trying to load language 'ngerman'...
Package biblatex Info: ... file 'ngerman.lbx' found.

(/usr/local/texlive/2013/texmf-dist/tex/latex/biblatex/lbx/ngerman.lbx
File: ngerman.lbx 2013/05/01 v2.6 biblatex localization (PK/JW/AB)
Package biblatex Info: Trying to load language 'german'...
Package biblatex Info: ... file 'german.lbx' found.

(/usr/local/texlive/2013/texmf-dist/tex/latex/biblatex/lbx/german.lbx
File: german.lbx 2013/05/01 v2.6 biblatex localization (PK/JW/AB)
))
Package csquotes Info: Checking for multilingual support...
Package csquotes Info: ... found 'babel' package.
Package csquotes Info: Adjusting default style.
Package csquotes Info: Redefining alias 'default' -> 'ngerman'.

(./Bericht.aux)
\openout1 = `Bericht.aux'.

LaTeX Font Info:    Checking defaults for OML/cmm/m/it on input line 4.
LaTeX Font Info:    ... okay on input line 4.
LaTeX Font Info:    Checking defaults for T1/cmr/m/n on input line 4.
LaTeX Font Info:    ... okay on input line 4.
LaTeX Font Info:    Checking defaults for OT1/cmr/m/n on input line 4.
LaTeX Font Info:    ... okay on input line 4.
LaTeX Font Info:    Checking defaults for OMS/cmsy/m/n on input line 4.
LaTeX Font Info:    ... okay on input line 4.
LaTeX Font Info:    Checking defaults for OMX/cmex/m/n on input line 4.
LaTeX Font Info:    ... okay on input line 4.
LaTeX Font Info:    Checking defaults for U/cmr/m/n on input line 4.
LaTeX Font Info:    ... okay on input line 4.
Package biblatex Info: Input encoding 'utf8' detected.
Package biblatex Info: Automatic encoding selection.
(biblatex)             Assuming data encoding 'utf8'.
\openout3 = `Bericht.bcf'.

Package biblatex Info: Trying to load bibliographic data...


Package biblatex Warning: File 'Bericht.bbl' is wrong format version - expected
 2.2.

Package biblatex Info: ... file 'Bericht.bbl' found.
(./Bericht.bbl)
Package biblatex Info: Reference section=0 on input line 4.
Package biblatex Info: Reference segment=0 on input line 4.

(/usr/local/texlive/2013/texmf-dist/tex/context/base/supp-pdf.mkii
[Loading MPS to PDF converter (version 2006.09.02).]
\scratchcounter=\count287
\scratchdimen=\dimen138
\scratchbox=\box45
\nofMPsegments=\count288
\nofMParguments=\count289
\everyMPshowfont=\toks31
\MPscratchCnt=\count290
\MPscratchDim=\dimen139
\MPnumerator=\count291
\makeMPintoPDFobject=\count292
\everyMPtoPDFconversion=\toks32
) (/usr/local/texlive/2013/texmf-dist/tex/generic/oberdiek/pdftexcmds.sty
Package: pdftexcmds 2011/11/29 v0.20 Utility functions of pdfTeX for LuaTeX (HO
)

(/usr/local/texlive/2013/texmf-dist/tex/generic/oberdiek/ifpdf.sty
Package: ifpdf 2011/01/30 v2.3 Provides the ifpdf switch (HO)
Package ifpdf Info: pdfTeX in PDF mode is detected.
)
Package pdftexcmds Info: LuaTeX not detected.
Package pdftexcmds Info: \pdf@primitive is available.
Package pdftexcmds Info: \pdf@ifprimitive is available.
Package pdftexcmds Info: \pdfdraftmode found.
)
(/usr/local/texlive/2013/texmf-dist/tex/latex/oberdiek/epstopdf-base.sty
Package: epstopdf-base 2010/02/09 v2.5 Base part for package epstopdf

(/usr/local/texlive/2013/texmf-dist/tex/latex/oberdiek/grfext.sty
Package: grfext 2010/08/19 v1.1 Manage graphics extensions (HO)

(/usr/local/texlive/2013/texmf-dist/tex/generic/oberdiek/kvdefinekeys.sty
Package: kvdefinekeys 2011/04/07 v1.3 Define keys (HO)
))
Package grfext Info: Graphics extension search list:
(grfext)             [.png,.pdf,.jpg,.mps,.jpeg,.jbig2,.jb2,.PNG,.PDF,.JPG,.JPE
G,.JBIG2,.JB2,.eps]
(grfext)             \AppendGraphicsExtensions on input line 452.

(/usr/local/texlive/2013/texmf-dist/tex/latex/latexconfig/epstopdf-sys.cfg
File: epstopdf-sys.cfg 2010/07/13 v1.3 Configuration of (r)epstopdf for TeX Liv
e
))
(./deckblatt.tex
LaTeX Font Info:    Try loading font information for U+msa on input line 30.
 (/usr/local/texlive/2013/texmf-dist/tex/latex/amsfonts/umsa.fd
File: umsa.fd 2013/01/14 v3.01 AMS symbols A
)
LaTeX Font Info:    Try loading font information for U+msb on input line 30.
 (/usr/local/texlive/2013/texmf-dist/tex/latex/amsfonts/umsb.fd
File: umsb.fd 2013/01/14 v3.01 AMS symbols B
) [1

{/usr/local/texlive/2013/texmf-var/fonts/map/pdftex/updmap/pdftex.map}])
LaTeX Font Info:    Try loading font information for T1+cmss on input line 14.

(/usr/local/texlive/2013/texmf-dist/tex/latex/base/t1cmss.fd
File: t1cmss.fd 1999/05/25 v2.5h Standard LaTeX font definitions
) [1]
(./Bericht.toc)
\tf@toc=\write4
\openout4 = `Bericht.toc'.

 [2] (./einleitung.tex
<customerJourney.png, id=20, 803.25093pt x 283.0575pt>
File: customerJourney.png Graphic file (type png)

<use customerJourney.png>
Package pdftex.def Info: customerJourney.png used on input line 6.
(pdftex.def)             Requested size: 401.62448pt x 141.5284pt.
) (./datenlage.tex [1 <./customerJourney.png>]
Underfull \hbox (badness 10000) in paragraph at lines 3--20

 []

[2] [3]
Underfull \hbox (badness 10000) in paragraph at lines 49--51

 []

) (./deskriptiv.tex [4] <clickCountSucc.pdf, id=38, 505.89pt x 505.89pt>
File: clickCountSucc.pdf Graphic file (type pdf)

<use clickCountSucc.pdf>
Package pdftex.def Info: clickCountSucc.pdf used on input line 29.
(pdftex.def)             Requested size: 151.76816pt x 151.76816pt.

Underfull \hbox (badness 10000) in paragraph at lines 26--32

 []

[5] <hasClickedSucc.pdf, id=45, 505.89pt x 505.89pt>
File: hasClickedSucc.pdf Graphic file (type pdf)
 <use hasClickedSucc.pdf>
Package pdftex.def Info: hasClickedSucc.pdf used on input line 38.
(pdftex.def)             Requested size: 151.76816pt x 151.76816pt.

<campaignSucc.pdf, id=46, 505.89pt x 505.89pt>
File: campaignSucc.pdf Graphic file (type pdf)
 <use campaignSucc.pdf>
Package pdftex.def Info: campaignSucc.pdf used on input line 49.
(pdftex.def)             Requested size: 252.94437pt x 252.94437pt.
 [6 <./clickCountSucc.pdf> <./hasClickedSucc.pdf>]
<weekday.pdf, id=60, 505.89pt x 505.89pt>
File: weekday.pdf Graphic file (type pdf)
 <use weekday.pdf>
Package pdftex.def Info: weekday.pdf used on input line 63.
(pdftex.def)             Requested size: 252.94437pt x 252.94437pt.
 [7 <./campaignSucc.pdf>] <hour.pdf, id=70, 505.89pt x 505.89pt>
File: hour.pdf Graphic file (type pdf)
 <use hour.pdf>
Package pdftex.def Info: hour.pdf used on input line 73.
(pdftex.def)             Requested size: 252.94437pt x 252.94437pt.
 [8 <./weekday.pdf>] <campaign.pdf, id=80, 505.89pt x 505.89pt>
File: campaign.pdf Graphic file (type pdf)
 <use campaign.pdf>
Package pdftex.def Info: campaign.pdf used on input line 84.
(pdftex.def)             Requested size: 252.94437pt x 252.94437pt.
 [9 <./hour.pdf>] <funnelLength_First.pdf, id=90, 505.89pt x 505.89pt>
File: funnelLength_First.pdf Graphic file (type pdf)

<use funnelLength_First.pdf>
Package pdftex.def Info: funnelLength_First.pdf used on input line 95.
(pdftex.def)             Requested size: 252.94437pt x 252.94437pt.
 [10 <./campaign.pdf>]
<timeSinceFirst_Last.pdf, id=101, 505.89pt x 505.89pt>
File: timeSinceFirst_Last.pdf Graphic file (type pdf)

<use timeSinceFirst_Last.pdf>
Package pdftex.def Info: timeSinceFirst_Last.pdf used on input line 106.
(pdftex.def)             Requested size: 252.94437pt x 252.94437pt.
 [11 <./funnelLength_First.pdf>]
<timeSinceLast.pdf, id=111, 505.89pt x 505.89pt>
File: timeSinceLast.pdf Graphic file (type pdf)
 <use timeSinceLast.pdf>
Package pdftex.def Info: timeSinceLast.pdf used on input line 117.
(pdftex.def)             Requested size: 252.94437pt x 252.94437pt.

[12 <./timeSinceFirst_Last.pdf>] <freq.pdf, id=121, 505.89pt x 505.89pt>
File: freq.pdf Graphic file (type pdf)

<use freq.pdf>
Package pdftex.def Info: freq.pdf used on input line 128.
(pdftex.def)             Requested size: 252.94437pt x 252.94437pt.

Underfull \hbox (badness 10000) in paragraph at lines 123--131

 []

[13 <./timeSinceLast.pdf>]) (./gephi.tex [14 <./freq.pdf>] [15]
<workspace.png, id=144, 1927.2pt x 1084.05pt>
File: workspace.png Graphic file (type png)
 <use workspace.png>
Package pdftex.def Info: workspace.png used on input line 28.
(pdftex.def)             Requested size: 481.79883pt x 271.01184pt.

Overfull \hbox (33.66788pt too wide) in paragraph at lines 28--29
 [][] 
 []

[16] <ergebnis_gephi.png, id=150, 1927.2pt x 1084.05pt>
File: ergebnis_gephi.png Graphic file (type png)

<use ergebnis_gephi.png>
Package pdftex.def Info: ergebnis_gephi.png used on input line 40.
(pdftex.def)             Requested size: 481.79883pt x 271.01184pt.

Overfull \hbox (33.66788pt too wide) in paragraph at lines 40--41
 [][] 
 []

[17 <./workspace.png>] <Preview.png, id=155, 1927.2pt x 1084.05pt>
File: Preview.png Graphic file (type png)

<use Preview.png>
Package pdftex.def Info: Preview.png used on input line 51.
(pdftex.def)             Requested size: 481.79883pt x 271.01184pt.

Overfull \hbox (33.66788pt too wide) in paragraph at lines 51--52
 [][] 
 []

[18 <./ergebnis_gephi.png>]) (./survival.tex
Underfull \hbox (badness 10000) in paragraph at lines 5--7

 []

[19 <./Preview.png>]

LaTeX Warning: Reference `binVer' on page 20 undefined on input line 27.


LaTeX Warning: Reference `binVer' on page 20 undefined on input line 38.

[20] [21] [22] [23] [24]) (./spm.tex [25] [26]
Underfull \hbox (badness 10000) in paragraph at lines 18--36

 []

[27]
Underfull \hbox (badness 10000) in paragraph at lines 39--50

 []


Underfull \hbox (badness 10000) in paragraph at lines 51--62

 []

[28]
Underfull \hbox (badness 10000) in paragraph at lines 76--98

 []

[29]
Underfull \hbox (badness 10000) in paragraph at lines 103--129

 []

[30]
Underfull \hbox (badness 10000) in paragraph at lines 130--132

 []

[31]) (./visual.tex <graphbegin.pdf, id=211, 594.3356pt x 600.95898pt>
File: graphbegin.pdf Graphic file (type pdf)

<use graphbegin.pdf>
Package pdftex.def Info: graphbegin.pdf used on input line 11.
(pdftex.def)             Requested size: 356.6041pt x 360.57817pt.
 [32] [33]) (./ergebnisse.tex [34 <./graphbegin.pdf>]
<bestIter.pdf, id=228, 505.89pt x 505.89pt>
File: bestIter.pdf Graphic file (type pdf)
 <use bestIter.pdf>
Package pdftex.def Info: bestIter.pdf used on input line 7.
(pdftex.def)             Requested size: 252.94437pt x 252.94437pt.

<variableImportance.pdf, id=229, 505.89pt x 505.89pt>
File: variableImportance.pdf Graphic file (type pdf)

<use variableImportance.pdf>
Package pdftex.def Info: variableImportance.pdf used on input line 12.
(pdftex.def)             Requested size: 455.29678pt x 455.29678pt.

Overfull \hbox (7.16583pt too wide) in paragraph at lines 12--12
 [][] 
 []


Underfull \hbox (badness 10000) in paragraph at lines 9--13

 []

[35 <./bestIter.pdf>] <marg_eff_campaign.pdf, id=238, 505.89pt x 505.89pt>
File: marg_eff_campaign.pdf Graphic file (type pdf)

<use marg_eff_campaign.pdf>
Package pdftex.def Info: marg_eff_campaign.pdf used on input line 22.
(pdftex.def)             Requested size: 379.41655pt x 379.41655pt.
 [36 <./variableImportance.pdf>] [37]
<marg_eff_campaignLast.pdf, id=251, 505.89pt x 505.89pt>
File: marg_eff_campaignLast.pdf Graphic file (type pdf)

<use marg_eff_campaignLast.pdf>
Package pdftex.def Info: marg_eff_campaignLast.pdf used on input line 26.
(pdftex.def)             Requested size: 379.41655pt x 379.41655pt.

Underfull \hbox (badness 10000) in paragraph at lines 24--27

 []

[38 <./marg_eff_campaign.pdf>]
<marg_eff_time.pdf, id=261, 505.89pt x 505.89pt>
File: marg_eff_time.pdf Graphic file (type pdf)
 <use marg_eff_time.pdf>
Package pdftex.def Info: marg_eff_time.pdf used on input line 31.
(pdftex.def)             Requested size: 379.41655pt x 379.41655pt.

[39 <./marg_eff_campaignLast.pdf>] <roc.png, id=271, 481.8pt x 481.8pt>
File: roc.png Graphic file (type png)

<use roc.png>
Package pdftex.def Info: roc.png used on input line 38.
(pdftex.def)             Requested size: 240.8994pt x 240.8994pt.

Underfull \hbox (badness 10000) in paragraph at lines 33--39

 []

[40 <./marg_eff_time.pdf>] <auc.pdf, id=282, 505.89pt x 505.89pt>
File: auc.pdf Graphic file (type pdf)

<use auc.pdf>
Package pdftex.def Info: auc.pdf used on input line 42.
(pdftex.def)             Requested size: 379.41655pt x 379.41655pt.
 [41 <./roc.png (PNG copy)>]
<spm_all.pdf, id=286, 722.7pt x 722.7pt>
File: spm_all.pdf Graphic file (type pdf)
 <use spm_all.pdf>
Package pdftex.def Info: spm_all.pdf used on input line 50.
(pdftex.def)             Requested size: 433.62334pt x 433.62334pt.

Underfull \hbox (badness 10000) in paragraph at lines 47--51

 []

[42 <./auc.pdf>] <spm_min15.pdf, id=295, 722.7pt x 722.7pt>
File: spm_min15.pdf Graphic file (type pdf)

<use spm_min15.pdf>
Package pdftex.def Info: spm_min15.pdf used on input line 54.
(pdftex.def)             Requested size: 433.62334pt x 433.62334pt.

Underfull \hbox (badness 10000) in paragraph at lines 52--55

 []

[43 <./spm_all.pdf>]
Underfull \hbox (badness 10000) in paragraph at lines 56--57

 []

[44 <./spm_min15.pdf>] <out_labels.pdf, id=314, 115.0949pt x 95.3954pt>
File: out_labels.pdf Graphic file (type pdf)

<use out_labels.pdf>
Package pdftex.def Info: out_labels.pdf used on input line 68.
(pdftex.def)             Requested size: 287.73647pt x 238.48788pt.
 [45]
<out_filter_2_succ.png, id=318, 743.77875pt x 579.16376pt>
File: out_filter_2_succ.png Graphic file (type png)

<use out_filter_2_succ.png>
Package pdftex.def Info: out_filter_2_succ.png used on input line 74.
(pdftex.def)             Requested size: 297.50623pt x 231.66139pt.
 [46 <./out_labels.pdf>]
<out_filter_50_fail.png, id=338, 729.72626pt x 569.12625pt>
File: out_filter_50_fail.png Graphic file (type png)

<use out_filter_50_fail.png>
Package pdftex.def Info: out_filter_50_fail.png used on input line 79.
(pdftex.def)             Requested size: 291.88533pt x 227.64647pt.
 [47 <./out_filter_2_succ.png>]
<in_labels.pdf, id=343, 260.6253pt x 230.0577pt>
File: in_labels.pdf Graphic file (type pdf)
 <use in_labels.pdf>
Package pdftex.def Info: in_labels.pdf used on input line 86.
(pdftex.def)             Requested size: 260.62465pt x 230.05711pt.
 [48 <./out_filter_50_fail.png>] <in_filter_10_succ.png, id=348, 745.78625pt x 
586.19pt>
File: in_filter_10_succ.png Graphic file (type png)

<use in_filter_10_succ.png>
Package pdftex.def Info: in_filter_10_succ.png used on input line 90.
(pdftex.def)             Requested size: 298.30922pt x 234.47185pt.
 [49 <./in_labels.pdf>]
<in_filter_10_fail.png, id=366, 753.81625pt x 590.205pt>
File: in_filter_10_fail.png Graphic file (type png)

<use in_filter_10_fail.png>
Package pdftex.def Info: in_filter_10_fail.png used on input line 94.
(pdftex.def)             Requested size: 301.52116pt x 236.0778pt.
) (./zusammenfassung.tex [50 <./in_filter_10_succ.png>]) (./elektronischer_anha
ng.tex
Overfull \hbox (15.12683pt too wide) in paragraph at lines 3--1
\T1/cmr/m/n/12 den kon-ver-tier-ten und die \T1/cmr/m/it/12 Af-fi-lia-te - Part
-ner-pro-gramm\T1/cmr/m/n/12 -Sequenzen in den nicht-konvertierten
 []

[51 <./in_filter_10_fail.png>]
LaTeX Font Info:    Try loading font information for T1+cmtt on input line 27.

(/usr/local/texlive/2013/texmf-dist/tex/latex/base/t1cmtt.fd
File: t1cmtt.fd 1999/05/25 v2.5h Standard LaTeX font definitions
)
Overfull \hbox (35.1659pt too wide) in paragraph at lines 30--38
\T1/cmr/m/n/12 la-den wer-den. Die Da-tei-en \T1/cmr/m/it/12 re-la-ti-ve_ausgän
ge_pos_10.gexf \T1/cmr/m/n/12 und \T1/cmr/m/it/12 re-la-ti-ve_eingänge_pos_10.g
exf
 []

[52] [53]) [54] (./Bericht.lot)
\tf@lot=\write5
\openout5 = `Bericht.lot'.

 (./Bericht.lof [55])
\tf@lof=\write6
\openout6 = `Bericht.lof'.

 [56] [57] [58] [59]
(./Bericht.aux)

LaTeX Warning: There were undefined references.

Package logreq Info: Writing requests to 'Bericht.run.xml'.
\openout1 = `Bericht.run.xml'.

 ) 
Here is how much of TeX's memory you used:
 10974 strings out of 493315
 173850 string characters out of 6137904
 610741 words of memory out of 5000000
 14141 multiletter control sequences out of 15000+600000
 21260 words of font info for 51 fonts, out of 8000000 for 9000
 961 hyphenation exceptions out of 8191
 58i,16n,49p,1608b,1525s stack positions out of 5000i,500n,10000p,200000b,80000s
{/usr/local/texlive/2013/texmf-dist/fonts/enc/dvips/cm-super/cm-super-t1.enc}
</usr/local/texlive/2013/texmf-dist/fonts/type1/public/amsfonts/cm/cmex10.pfb><
/usr/local/texlive/2013/texmf-dist/fonts/type1/public/amsfonts/cm/cmmi12.pfb></
usr/local/texlive/2013/texmf-dist/fonts/type1/public/amsfonts/cm/cmmi6.pfb></us
r/local/texlive/2013/texmf-dist/fonts/type1/public/amsfonts/cm/cmmi8.pfb></usr/
local/texlive/2013/texmf-dist/fonts/type1/public/amsfonts/cm/cmr12.pfb></usr/lo
cal/texlive/2013/texmf-dist/fonts/type1/public/amsfonts/cm/cmr6.pfb></usr/local
/texlive/2013/texmf-dist/fonts/type1/public/amsfonts/cm/cmr8.pfb></usr/local/te
xlive/2013/texmf-dist/fonts/type1/public/amsfonts/cm/cmsy10.pfb></usr/local/tex
live/2013/texmf-dist/fonts/type1/public/amsfonts/cm/cmsy6.pfb></usr/local/texli
ve/2013/texmf-dist/fonts/type1/public/amsfonts/cm/cmsy8.pfb></usr/local/texlive
/2013/texmf-dist/fonts/type1/public/eurosym/feymr10.pfb></usr/local/texlive/201
3/texmf-dist/fonts/type1/public/amsfonts/symbols/msbm10.pfb></usr/local/texlive
/2013/texmf-dist/fonts/type1/public/cm-super/sfbx1200.pfb></usr/local/texlive/2
013/texmf-dist/fonts/type1/public/cm-super/sfbx2488.pfb></usr/local/texlive/201
3/texmf-dist/fonts/type1/public/cm-super/sfcc1200.pfb></usr/local/texlive/2013/
texmf-dist/fonts/type1/public/cm-super/sfcc1440.pfb></usr/local/texlive/2013/te
xmf-dist/fonts/type1/public/cm-super/sfcc2074.pfb></usr/local/texlive/2013/texm
f-dist/fonts/type1/public/cm-super/sfrm0800.pfb></usr/local/texlive/2013/texmf-
dist/fonts/type1/public/cm-super/sfrm1200.pfb></usr/local/texlive/2013/texmf-di
st/fonts/type1/public/cm-super/sfrm1440.pfb></usr/local/texlive/2013/texmf-dist
/fonts/type1/public/cm-super/sfsx1200.pfb></usr/local/texlive/2013/texmf-dist/f
onts/type1/public/cm-super/sfsx1440.pfb></usr/local/texlive/2013/texmf-dist/fon
ts/type1/public/cm-super/sfsx1728.pfb></usr/local/texlive/2013/texmf-dist/fonts
/type1/public/cm-super/sfti1200.pfb></usr/local/texlive/2013/texmf-dist/fonts/t
ype1/public/cm-super/sftt1200.pfb>
Output written on Bericht.pdf (62 pages, 2906758 bytes).
PDF statistics:
 485 PDF objects out of 1000 (max. 8388607)
 330 compressed objects within 4 object streams
 0 named destinations out of 1000 (max. 500000)
 151 words of extra memory for PDF output out of 10000 (max. 10000000)

